<?xml version="1.0" encoding="UTF-8"?>
<!-- Generated by org.testng.reporters.JUnitReportReporter -->
<testsuite name="com.mobility.testcases.HomePageVerification" tests="6" time="0.004" ignored="0" failures="0" timestamp="17 Sep 2018 13:42:00 GMT" skipped="5" hostname="P10-LAP-039" errors="1">
  <testcase name="verifyHomefromTickets" time="0.001" classname="com.mobility.testcases.HomePageVerification">
    <skipped/>
  </testcase> <!-- verifyHomefromTickets -->
  <testcase name="verifyHomefromSites" time="0.000" classname="com.mobility.testcases.HomePageVerification">
    <skipped/>
  </testcase> <!-- verifyHomefromSites -->
  <testcase name="verifyHomeTab" time="0.001" classname="com.mobility.testcases.HomePageVerification">
    <skipped/>
  </testcase> <!-- verifyHomeTab -->
  <testcase name="applaunch" time="0.000" classname="com.mobility.testcases.HomePageVerification">
    <error type="java.lang.IndexOutOfBoundsException" message="Index: 0, Size: 0">
      <![CDATA[java.lang.IndexOutOfBoundsException: Index: 0, Size: 0
	at java.util.ArrayList.rangeCheck(Unknown Source)
	at java.util.ArrayList.get(Unknown Source)
	at com.mobility.testcases.HomePageVerification.applaunch(HomePageVerification.java:27)
	at sun.reflect.NativeMethodAccessorImpl.invoke0(Native Method)
	at sun.reflect.NativeMethodAccessorImpl.invoke(Unknown Source)
	at sun.reflect.DelegatingMethodAccessorImpl.invoke(Unknown Source)
	at java.lang.reflect.Method.invoke(Unknown Source)
	at org.testng.internal.MethodInvocationHelper.invokeMethod(MethodInvocationHelper.java:104)
	at org.testng.internal.Invoker.invokeConfigurationMethod(Invoker.java:515)
	at org.testng.internal.Invoker.invokeConfigurations(Invoker.java:217)
	at org.testng.internal.Invoker.invokeConfigurations(Invoker.java:144)
	at org.testng.internal.TestMethodWorker.invokeBeforeClassMethods(TestMethodWorker.java:169)
	at org.testng.internal.TestMethodWorker.run(TestMethodWorker.java:108)
	at org.testng.TestRunner.privateRun(TestRunner.java:756)
	at org.testng.TestRunner.run(TestRunner.java:610)
	at org.testng.SuiteRunner.runTest(SuiteRunner.java:387)
	at org.testng.SuiteRunner.runSequentially(SuiteRunner.java:382)
	at org.testng.SuiteRunner.privateRun(SuiteRunner.java:340)
	at org.testng.SuiteRunner.run(SuiteRunner.java:289)
	at org.testng.SuiteRunnerWorker.runSuite(SuiteRunnerWorker.java:52)
	at org.testng.SuiteRunnerWorker.run(SuiteRunnerWorker.java:86)
	at org.testng.TestNG.runSuitesSequentially(TestNG.java:1293)
	at org.testng.TestNG.runSuitesLocally(TestNG.java:1218)
	at org.testng.TestNG.runSuites(TestNG.java:1133)
	at org.testng.TestNG.run(TestNG.java:1104)
	at org.testng.remote.AbstractRemoteTestNG.run(AbstractRemoteTestNG.java:132)
	at org.testng.remote.RemoteTestNG.initAndRun(RemoteTestNG.java:236)
	at org.testng.remote.RemoteTestNG.main(RemoteTestNG.java:81)
]]>
    </error>
  </testcase> <!-- applaunch -->
  <testcase name="verifyTicketsTabfromHome" time="0.001" classname="com.mobility.testcases.HomePageVerification">
    <skipped/>
  </testcase> <!-- verifyTicketsTabfromHome -->
  <testcase name="verifySitesTabfromHome" time="0.001" classname="com.mobility.testcases.HomePageVerification">
    <skipped/>
  </testcase> <!-- verifySitesTabfromHome -->
</testsuite> <!-- com.mobility.testcases.HomePageVerification -->
